<?xml version="1.0" encoding="UTF-8"?>
<testsuite name="jdbc.one.ChessGameTest" tests="1" skipped="0" failures="0" errors="0" timestamp="2020-05-08T00:46:43" hostname="gim-yebin-ui-MacBookPro.local" time="0.524">
  <properties/>
  <testcase name="privateConstructor()" classname="jdbc.one.ChessGameTest" time="0.524"/>
  <system-out><![CDATA[09:46:40.766 [Test worker] DEBUG org.springframework.test.context.BootstrapUtils - Instantiating CacheAwareContextLoaderDelegate from class [org.springframework.test.context.cache.DefaultCacheAwareContextLoaderDelegate]
09:46:40.778 [Test worker] DEBUG org.springframework.test.context.BootstrapUtils - Instantiating BootstrapContext using constructor [public org.springframework.test.context.support.DefaultBootstrapContext(java.lang.Class,org.springframework.test.context.CacheAwareContextLoaderDelegate)]
09:46:40.804 [Test worker] DEBUG org.springframework.test.context.BootstrapUtils - Instantiating TestContextBootstrapper for test class [jdbc.one.ChessGameTest] from class [org.springframework.boot.test.context.SpringBootTestContextBootstrapper]
09:46:40.822 [Test worker] INFO org.springframework.boot.test.context.SpringBootTestContextBootstrapper - Neither @ContextConfiguration nor @ContextHierarchy found for test class [jdbc.one.ChessGameTest], using SpringBootContextLoader
09:46:40.825 [Test worker] DEBUG org.springframework.test.context.support.AbstractContextLoader - Did not detect default resource location for test class [jdbc.one.ChessGameTest]: class path resource [jdbc/one/ChessGameTest-context.xml] does not exist
09:46:40.826 [Test worker] DEBUG org.springframework.test.context.support.AbstractContextLoader - Did not detect default resource location for test class [jdbc.one.ChessGameTest]: class path resource [jdbc/one/ChessGameTestContext.groovy] does not exist
09:46:40.826 [Test worker] INFO org.springframework.test.context.support.AbstractContextLoader - Could not detect default resource locations for test class [jdbc.one.ChessGameTest]: no resource found for suffixes {-context.xml, Context.groovy}.
09:46:40.827 [Test worker] INFO org.springframework.test.context.support.AnnotationConfigContextLoaderUtils - Could not detect default configuration classes for test class [jdbc.one.ChessGameTest]: ChessGameTest does not declare any static, non-private, non-final, nested classes annotated with @Configuration.
09:46:40.866 [Test worker] DEBUG org.springframework.test.context.support.ActiveProfilesUtils - Could not find an 'annotation declaring class' for annotation type [org.springframework.test.context.ActiveProfiles] and class [jdbc.one.ChessGameTest]
09:46:40.940 [Test worker] DEBUG org.springframework.context.annotation.ClassPathScanningCandidateComponentProvider - Identified candidate component class: file [/Users/yebin/project/readings/spring-data-jdbc/build/classes/java/main/jdbc/SpringDataJdbcApplication.class]
09:46:40.941 [Test worker] INFO org.springframework.boot.test.context.SpringBootTestContextBootstrapper - Found @SpringBootConfiguration jdbc.SpringDataJdbcApplication for test class jdbc.one.ChessGameTest
09:46:41.029 [Test worker] DEBUG org.springframework.boot.test.context.SpringBootTestContextBootstrapper - @TestExecutionListeners is not present for class [jdbc.one.ChessGameTest]: using defaults.
09:46:41.030 [Test worker] INFO org.springframework.boot.test.context.SpringBootTestContextBootstrapper - Loaded default TestExecutionListener class names from location [META-INF/spring.factories]: [org.springframework.boot.test.autoconfigure.restdocs.RestDocsTestExecutionListener, org.springframework.boot.test.autoconfigure.web.client.MockRestServiceServerResetTestExecutionListener, org.springframework.boot.test.autoconfigure.web.servlet.MockMvcPrintOnlyOnFailureTestExecutionListener, org.springframework.boot.test.autoconfigure.web.servlet.WebDriverTestExecutionListener, org.springframework.boot.test.mock.mockito.MockitoTestExecutionListener, org.springframework.boot.test.mock.mockito.ResetMocksTestExecutionListener, org.springframework.test.context.web.ServletTestExecutionListener, org.springframework.test.context.support.DirtiesContextBeforeModesTestExecutionListener, org.springframework.test.context.support.DependencyInjectionTestExecutionListener, org.springframework.test.context.support.DirtiesContextTestExecutionListener, org.springframework.test.context.transaction.TransactionalTestExecutionListener, org.springframework.test.context.jdbc.SqlScriptsTestExecutionListener, org.springframework.test.context.event.EventPublishingTestExecutionListener]
09:46:41.048 [Test worker] INFO org.springframework.boot.test.context.SpringBootTestContextBootstrapper - Using TestExecutionListeners: [org.springframework.test.context.web.ServletTestExecutionListener@665c450, org.springframework.test.context.support.DirtiesContextBeforeModesTestExecutionListener@4bb4e434, org.springframework.boot.test.mock.mockito.MockitoTestExecutionListener@5d32eeb3, org.springframework.boot.test.autoconfigure.SpringBootDependencyInjectionTestExecutionListener@44bec4d2, org.springframework.test.context.support.DirtiesContextTestExecutionListener@6c51df51, org.springframework.test.context.transaction.TransactionalTestExecutionListener@a803ab, org.springframework.test.context.jdbc.SqlScriptsTestExecutionListener@4aa5327b, org.springframework.test.context.event.EventPublishingTestExecutionListener@780ff7a9, org.springframework.boot.test.autoconfigure.restdocs.RestDocsTestExecutionListener@1a4604ae, org.springframework.boot.test.autoconfigure.web.client.MockRestServiceServerResetTestExecutionListener@5ab3f916, org.springframework.boot.test.autoconfigure.web.servlet.MockMvcPrintOnlyOnFailureTestExecutionListener@39e63ed1, org.springframework.boot.test.autoconfigure.web.servlet.WebDriverTestExecutionListener@3e5324fb, org.springframework.boot.test.mock.mockito.ResetMocksTestExecutionListener@149a24eb]
09:46:41.051 [Test worker] DEBUG org.springframework.test.context.support.AbstractDirtiesContextTestExecutionListener - Before test class: context [DefaultTestContext@5f2ea5dc testClass = ChessGameTest, testInstance = [null], testMethod = [null], testException = [null], mergedContextConfiguration = [WebMergedContextConfiguration@a5de06 testClass = ChessGameTest, locations = '{}', classes = '{class jdbc.SpringDataJdbcApplication}', contextInitializerClasses = '[]', activeProfiles = '{}', propertySourceLocations = '{}', propertySourceProperties = '{org.springframework.boot.test.context.SpringBootTestContextBootstrapper=true}', contextCustomizers = set[org.springframework.boot.test.autoconfigure.properties.PropertyMappingContextCustomizer@0, org.springframework.boot.test.autoconfigure.web.servlet.WebDriverContextCustomizerFactory$Customizer@6fa44a59, org.springframework.boot.test.context.filter.ExcludeFilterContextCustomizer@3ba4e0dd, org.springframework.boot.test.json.DuplicateJsonObjectContextCustomizerFactory$DuplicateJsonObjectContextCustomizer@adcb230, org.springframework.boot.test.mock.mockito.MockitoContextCustomizer@0, org.springframework.boot.test.web.client.TestRestTemplateContextCustomizer@71a80c64], resourceBasePath = 'src/main/webapp', contextLoader = 'org.springframework.boot.test.context.SpringBootContextLoader', parent = [null]], attributes = map['org.springframework.test.context.web.ServletTestExecutionListener.activateListener' -> true]], class annotated with @DirtiesContext [false] with mode [null].
09:46:41.081 [Test worker] DEBUG org.springframework.test.context.support.TestPropertySourceUtils - Adding inlined properties to environment: {spring.jmx.enabled=false, org.springframework.boot.test.context.SpringBootTestContextBootstrapper=true, server.port=-1}

  .   ____          _            __ _ _
 /\\ / ___'_ __ _ _(_)_ __  __ _ \ \ \ \
( ( )\___ | '_ | '_| | '_ \/ _` | \ \ \ \
 \\/  ___)| |_)| | | | | || (_| |  ) ) ) )
  '  |____| .__|_| |_|_| |_\__, | / / / /
 =========|_|==============|___/=/_/_/_/
 :: Spring Boot ::        (v2.2.5.RELEASE)

2020-05-08 09:46:41.518  INFO 28262 --- [    Test worker] jdbc.one.ChessGameTest                   : Starting ChessGameTest on gim-yebin-ui-MacBookPro.local with PID 28262 (started by yebin in /Users/yebin/project/readings/spring-data-jdbc)
2020-05-08 09:46:41.520  INFO 28262 --- [    Test worker] jdbc.one.ChessGameTest                   : No active profile set, falling back to default profiles: default
2020-05-08 09:46:42.061  INFO 28262 --- [    Test worker] .s.d.r.c.RepositoryConfigurationDelegate : Bootstrapping Spring Data JDBC repositories in DEFAULT mode.
2020-05-08 09:46:42.115  INFO 28262 --- [    Test worker] .s.d.r.c.RepositoryConfigurationDelegate : Finished Spring Data repository scanning in 47ms. Found 2 JDBC repository interfaces.
2020-05-08 09:46:42.887  INFO 28262 --- [    Test worker] com.zaxxer.hikari.HikariDataSource       : HikariPool-1 - Starting...
2020-05-08 09:46:43.131  INFO 28262 --- [    Test worker] com.zaxxer.hikari.HikariDataSource       : HikariPool-1 - Start completed.
2020-05-08 09:46:43.616  INFO 28262 --- [    Test worker] o.s.s.concurrent.ThreadPoolTaskExecutor  : Initializing ExecutorService 'applicationTaskExecutor'
2020-05-08 09:46:43.817  INFO 28262 --- [    Test worker] o.s.b.a.h2.H2ConsoleAutoConfiguration    : H2 console available at '/h2-console'. Database available at 'jdbc:h2:mem:testdb'
2020-05-08 09:46:43.890  INFO 28262 --- [    Test worker] jdbc.one.ChessGameTest                   : Started ChessGameTest in 2.796 seconds (JVM running for 3.929)
]]></system-out>
  <system-err><![CDATA[]]></system-err>
</testsuite>
